have_struct_member: checking for rb_method_entry_t.body in method.h... -------------------- no

"gcc -o conftest -I/Users/ancelj/.rvm/rubies/ruby-1.9.2-p180/include/ruby-1.9.1/x86_64-darwin10.8.0 -I/Users/ancelj/.rvm/rubies/ruby-1.9.2-p180/include/ruby-1.9.1/ruby/backward -I/Users/ancelj/.rvm/rubies/ruby-1.9.2-p180/include/ruby-1.9.1 -I. -D_XOPEN_SOURCE -D_DARWIN_C_SOURCE   -isysroot /Developer/SDKs/MacOSX10.6.sdk -arch x86_64 -fno-common -pipe -DRB_ISEQ_COMPILE_6ARGS conftest.c  -L. -L/Users/ancelj/.rvm/rubies/ruby-1.9.2-p180/lib -L. -Wl,-syslibroot /Developer/SDKs/MacOSX10.6.sdk -arch x86_64     -lruby.1.9.1-static  -lpthread -ldl -lobjc "
checked program was:
/* begin */
1: #include "ruby.h"
2: 
3: int main() {return 0;}
/* end */

"gcc -I/Users/ancelj/.rvm/rubies/ruby-1.9.2-p180/include/ruby-1.9.1/x86_64-darwin10.8.0 -I/Users/ancelj/.rvm/rubies/ruby-1.9.2-p180/include/ruby-1.9.1/ruby/backward -I/Users/ancelj/.rvm/rubies/ruby-1.9.2-p180/include/ruby-1.9.1 -I. -D_XOPEN_SOURCE -D_DARWIN_C_SOURCE   -isysroot /Developer/SDKs/MacOSX10.6.sdk -arch x86_64 -fno-common -pipe -DRB_ISEQ_COMPILE_6ARGS   -c conftest.c"
conftest.c:3:20: error: method.h: No such file or directory
conftest.c:7: error: ‘rb_method_entry_t’ undeclared here (not in a function)
conftest.c:7: error: expected expression before ‘)’ token
checked program was:
/* begin */
1: #include "ruby.h"
2: 
3: #include <method.h>
4: 
5: /*top*/
6: int main() {return 0;}
7: int s = (char *)&((rb_method_entry_t*)0)->body - (char *)0;
/* end */

--------------------

have_header: checking for vm_core.h... -------------------- no

"gcc -E -I/Users/ancelj/.rvm/rubies/ruby-1.9.2-p180/include/ruby-1.9.1/x86_64-darwin10.8.0 -I/Users/ancelj/.rvm/rubies/ruby-1.9.2-p180/include/ruby-1.9.1/ruby/backward -I/Users/ancelj/.rvm/rubies/ruby-1.9.2-p180/include/ruby-1.9.1 -I. -D_XOPEN_SOURCE -D_DARWIN_C_SOURCE   -isysroot /Developer/SDKs/MacOSX10.6.sdk -arch x86_64 -fno-common -pipe -DRB_ISEQ_COMPILE_6ARGS  conftest.c -o conftest.i"
conftest.c:3:21: error: vm_core.h: No such file or directory
checked program was:
/* begin */
1: #include "ruby.h"
2: 
3: #include <vm_core.h>
/* end */

--------------------

have_struct_member: checking for rb_method_entry_t.body in method.h... -------------------- no

"gcc -I/Users/ancelj/.rvm/rubies/ruby-1.9.2-p180/include/ruby-1.9.1/x86_64-darwin10.8.0 -I/Users/ancelj/.rvm/rubies/ruby-1.9.2-p180/include/ruby-1.9.1/ruby/backward -I/Users/ancelj/.rvm/rubies/ruby-1.9.2-p180/include/ruby-1.9.1 -I. -I/Users/ancelj/.rvm/rubies/ruby-1.9.2-p180/include/ruby-1.9.1/ruby-1.9.2-p180 -isysroot /Developer/SDKs/MacOSX10.6.sdk -arch x86_64 -fno-common -pipe -DRB_ISEQ_COMPILE_6ARGS   -c conftest.c"
conftest.c:7: error: ‘rb_method_entry_t’ has no member named ‘body’
checked program was:
/* begin */
1: #include "ruby.h"
2: 
3: #include <method.h>
4: 
5: /*top*/
6: int main() {return 0;}
7: int s = (char *)&((rb_method_entry_t*)0)->body - (char *)0;
/* end */

--------------------

have_header: checking for vm_core.h... -------------------- yes

"gcc -E -I/Users/ancelj/.rvm/rubies/ruby-1.9.2-p180/include/ruby-1.9.1/x86_64-darwin10.8.0 -I/Users/ancelj/.rvm/rubies/ruby-1.9.2-p180/include/ruby-1.9.1/ruby/backward -I/Users/ancelj/.rvm/rubies/ruby-1.9.2-p180/include/ruby-1.9.1 -I. -I/Users/ancelj/.rvm/rubies/ruby-1.9.2-p180/include/ruby-1.9.1/ruby-1.9.2-p180 -isysroot /Developer/SDKs/MacOSX10.6.sdk -arch x86_64 -fno-common -pipe -DRB_ISEQ_COMPILE_6ARGS  conftest.c -o conftest.i"
checked program was:
/* begin */
1: #include "ruby.h"
2: 
3: #include <vm_core.h>
/* end */

--------------------

have_header: checking for iseq.h... -------------------- yes

"gcc -E -I/Users/ancelj/.rvm/rubies/ruby-1.9.2-p180/include/ruby-1.9.1/x86_64-darwin10.8.0 -I/Users/ancelj/.rvm/rubies/ruby-1.9.2-p180/include/ruby-1.9.1/ruby/backward -I/Users/ancelj/.rvm/rubies/ruby-1.9.2-p180/include/ruby-1.9.1 -I. -I/Users/ancelj/.rvm/rubies/ruby-1.9.2-p180/include/ruby-1.9.1/ruby-1.9.2-p180 -isysroot /Developer/SDKs/MacOSX10.6.sdk -arch x86_64 -fno-common -pipe -DRB_ISEQ_COMPILE_6ARGS  conftest.c -o conftest.i"
checked program was:
/* begin */
1: #include "ruby.h"
2: 
3: #include <iseq.h>
/* end */

--------------------

have_header: checking for insns.inc... -------------------- yes

"gcc -E -I/Users/ancelj/.rvm/rubies/ruby-1.9.2-p180/include/ruby-1.9.1/x86_64-darwin10.8.0 -I/Users/ancelj/.rvm/rubies/ruby-1.9.2-p180/include/ruby-1.9.1/ruby/backward -I/Users/ancelj/.rvm/rubies/ruby-1.9.2-p180/include/ruby-1.9.1 -I. -I/Users/ancelj/.rvm/rubies/ruby-1.9.2-p180/include/ruby-1.9.1/ruby-1.9.2-p180 -isysroot /Developer/SDKs/MacOSX10.6.sdk -arch x86_64 -fno-common -pipe -DRB_ISEQ_COMPILE_6ARGS  conftest.c -o conftest.i"
checked program was:
/* begin */
1: #include "ruby.h"
2: 
3: #include <insns.inc>
/* end */

--------------------

have_header: checking for insns_info.inc... -------------------- yes

"gcc -E -I/Users/ancelj/.rvm/rubies/ruby-1.9.2-p180/include/ruby-1.9.1/x86_64-darwin10.8.0 -I/Users/ancelj/.rvm/rubies/ruby-1.9.2-p180/include/ruby-1.9.1/ruby/backward -I/Users/ancelj/.rvm/rubies/ruby-1.9.2-p180/include/ruby-1.9.1 -I. -I/Users/ancelj/.rvm/rubies/ruby-1.9.2-p180/include/ruby-1.9.1/ruby-1.9.2-p180 -isysroot /Developer/SDKs/MacOSX10.6.sdk -arch x86_64 -fno-common -pipe -DRB_ISEQ_COMPILE_6ARGS  conftest.c -o conftest.i"
checked program was:
/* begin */
1: #include "ruby.h"
2: 
3: #include <insns_info.inc>
/* end */

--------------------

have_header: checking for eval_intern.h... -------------------- yes

"gcc -E -I/Users/ancelj/.rvm/rubies/ruby-1.9.2-p180/include/ruby-1.9.1/x86_64-darwin10.8.0 -I/Users/ancelj/.rvm/rubies/ruby-1.9.2-p180/include/ruby-1.9.1/ruby/backward -I/Users/ancelj/.rvm/rubies/ruby-1.9.2-p180/include/ruby-1.9.1 -I. -I/Users/ancelj/.rvm/rubies/ruby-1.9.2-p180/include/ruby-1.9.1/ruby-1.9.2-p180 -isysroot /Developer/SDKs/MacOSX10.6.sdk -arch x86_64 -fno-common -pipe -DRB_ISEQ_COMPILE_6ARGS  conftest.c -o conftest.i"
checked program was:
/* begin */
1: #include "ruby.h"
2: 
3: #include <eval_intern.h>
/* end */

--------------------

